<?xml version="1.0" encoding="UTF-8"?>
<!-- Generated by org.testng.reporters.JUnitReportReporter -->
<testsuite hostname="Ghost" failures="0" tests="2" name="com.awsiot.springboot.sensor.SiteCheck" time="0.737" errors="0" timestamp="16 Dec 2022 10:25:32 GMT" skipped="0">
  <testcase classname="com.awsiot.springboot.sensor.SiteCheck" name="getDataReceivedStatus" time="0.723"/>
  <testcase classname="com.awsiot.springboot.sensor.SiteCheck" name="testingDataStreamResponse" time="0.014"/>
</testsuite> <!-- com.awsiot.springboot.sensor.SiteCheck -->
