<?xml version="1.0" encoding="UTF-8"?>
<!-- Generated by org.testng.reporters.JUnitReportReporter -->
<testsuite hostname="Ghost" failures="0" tests="1" name="com.awsiot.springboot.sensorMap.PostPutDelete" time="0.714" errors="0" timestamp="26 Nov 2022 11:10:27 GMT" skipped="0">
  <testcase classname="com.awsiot.springboot.sensorMap.PostPutDelete" name="deleteData" time="0.714"/>
</testsuite> <!-- com.awsiot.springboot.sensorMap.PostPutDelete -->
