<?xml version="1.0" encoding="UTF-8"?>
<!-- Generated by org.testng.reporters.JUnitReportReporter -->
<testsuite hostname="Ghost" failures="0" tests="1" name="com.awsiot.springboot.sensorMap.MockPosting" time="26.721" errors="0" timestamp="26 Nov 2022 12:12:25 GMT" skipped="0">
  <testcase classname="com.awsiot.springboot.sensorMap.MockPosting" name="postData" time="26.721"/>
</testsuite> <!-- com.awsiot.springboot.sensorMap.MockPosting -->
