<?xml version="1.0" encoding="UTF-8"?>
<!-- Generated by org.testng.reporters.JUnitReportReporter -->
<testsuite hostname="Ghost" failures="0" tests="1" name="com.awsiot.springboot.sensor.MockPosting" time="13.577" errors="0" timestamp="26 Nov 2022 12:08:59 GMT" skipped="0">
  <testcase classname="com.awsiot.springboot.sensor.MockPosting" name="postData" time="13.577"/>
</testsuite> <!-- com.awsiot.springboot.sensor.MockPosting -->
