<?xml version="1.0" encoding="UTF-8"?>
<!-- Generated by org.testng.reporters.JUnitReportReporter -->
<testsuite hostname="Ghost" failures="0" tests="1" name="com.awsiot.springboot.dataStream.SiteCheck" time="0.763" errors="0" timestamp="26 Nov 2022 10:44:07 GMT" skipped="0">
  <testcase classname="com.awsiot.springboot.dataStream.SiteCheck" name="getDataReceivedStatus" time="0.763"/>
</testsuite> <!-- com.awsiot.springboot.dataStream.SiteCheck -->
