<?xml version="1.0" encoding="UTF-8"?>
<!-- Generated by org.testng.reporters.JUnitReportReporter -->
<testsuite hostname="Ghost" failures="0" tests="1" name="com.awsiot.springboot.sensorMap.MockPosting" time="16.531" errors="0" timestamp="18 Dec 2022 19:54:26 GMT" skipped="0">
  <testcase classname="com.awsiot.springboot.sensorMap.MockPosting" name="postData" time="16.531"/>
</testsuite> <!-- com.awsiot.springboot.sensorMap.MockPosting -->
