<?xml version="1.0" encoding="UTF-8"?>
<!-- Generated by org.testng.reporters.JUnitReportReporter -->
<testsuite hostname="Ghost" failures="0" tests="2" name="com.awsiot.springboot.sensor.SiteCheck" time="0.683" errors="0" timestamp="26 Nov 2022 10:51:56 GMT" skipped="0">
  <testcase classname="com.awsiot.springboot.sensor.SiteCheck" name="getDataReceivedStatus" time="0.672"/>
  <testcase classname="com.awsiot.springboot.sensor.SiteCheck" name="testingDataStreamResponse" time="0.011"/>
</testsuite> <!-- com.awsiot.springboot.sensor.SiteCheck -->
