<?xml version="1.0" encoding="UTF-8"?>
<!-- Generated by org.testng.reporters.JUnitReportReporter -->
<testsuite hostname="Ghost" failures="0" tests="2" name="com.awsiot.springboot.sensorMap.SiteCheck" time="0.701" errors="0" timestamp="26 Nov 2022 11:08:26 GMT" skipped="0">
  <testcase classname="com.awsiot.springboot.sensorMap.SiteCheck" name="getDataReceivedStatus" time="0.688"/>
  <testcase classname="com.awsiot.springboot.sensorMap.SiteCheck" name="testingDataStreamResponse" time="0.013"/>
</testsuite> <!-- com.awsiot.springboot.sensorMap.SiteCheck -->
